<?xml version="1.0" encoding="UTF-8" ?>
<testsuite failures="0" time="0.177" errors="0" skipped="0" tests="7" name="org.xmlcml.norma.json.CatalogEntryTest">
  <properties>
[...]
</properties>
  <testcase time="0.101" classname="org.xmlcml.norma.json.CatalogEntryTest" name="testSerializeBibSource"/>
  <testcase time="0.001" classname="org.xmlcml.norma.json.CatalogEntryTest" name="testSerializeHit"/>
  <testcase time="0.004" classname="org.xmlcml.norma.json.CatalogEntryTest" name="testSerializeCatalogEntry"/>
  <testcase time="0.006" classname="org.xmlcml.norma.json.CatalogEntryTest" name="testDeserializeBibSource"/>
  <testcase time="0.001" classname="org.xmlcml.norma.json.CatalogEntryTest" name="testDeserializeHit"/>
  <testcase time="0.002" classname="org.xmlcml.norma.json.CatalogEntryTest" name="testDeserializeCatalogEntry"/>
  <testcase time="0.009" classname="org.xmlcml.norma.json.CatalogEntryTest" name="testCompleteCatalog"/>
</testsuite>